2019-03-29 06:48:19 [127.0.0.1][-][9b52pn157ta8l6i53vf7f180oa][error][yii\web\HttpException:404] yii\base\InvalidRouteException: Unable to resolve the request "pcategories/index". in /var/www/yiirecepts/vendor/yiisoft/yii2/base/Module.php:537
Stack trace:
#0 /var/www/yiirecepts/vendor/yiisoft/yii2/web/Application.php(103): yii\base\Module->runAction('pcategories/ind...', Array)
#1 /var/www/yiirecepts/vendor/yiisoft/yii2/base/Application.php(386): yii\web\Application->handleRequest(Object(yii\web\Request))
#2 /var/www/yiirecepts/frontend/web/index.php(21): yii\base\Application->run()
#3 {main}

Next yii\web\NotFoundHttpException: Page not found. in /var/www/yiirecepts/vendor/yiisoft/yii2/web/Application.php:115
Stack trace:
#0 /var/www/yiirecepts/vendor/yiisoft/yii2/base/Application.php(386): yii\web\Application->handleRequest(Object(yii\web\Request))
#1 /var/www/yiirecepts/frontend/web/index.php(21): yii\base\Application->run()
#2 {main}
2019-03-29 06:48:19 [127.0.0.1][-][9b52pn157ta8l6i53vf7f180oa][info][application] $_GET = []

$_POST = []

$_FILES = []

$_COOKIE = [
    '_session' => '9b52pn157ta8l6i53vf7f180oa'
    '_csrf-frontend' => 'e890429c7969726a2fbd08490623a19d1224dbaec48b08a04a72b75f7be1c013a:2:{i:0;s:14:\"_csrf-frontend\";i:1;s:32:\"i8OcnsRDHayMxoj26bwXoB-uWBYp01wE\";}'
]

$_SESSION = [
    '__flash' => []
    '__returnUrl' => '/pcategories/index'
]

$_SERVER = [
    'USER' => 'www-data'
    'HOME' => '/var/www'
    'HTTP_COOKIE' => '_session=9b52pn157ta8l6i53vf7f180oa; _csrf-frontend=e890429c7969726a2fbd08490623a19d1224dbaec48b08a04a72b75f7be1c013a%3A2%3A%7Bi%3A0%3Bs%3A14%3A%22_csrf-frontend%22%3Bi%3A1%3Bs%3A32%3A%22i8OcnsRDHayMxoj26bwXoB-uWBYp01wE%22%3B%7D'
    'HTTP_ACCEPT_LANGUAGE' => 'en-US,en;q=0.9'
    'HTTP_ACCEPT_ENCODING' => 'gzip, deflate'
    'HTTP_REFERER' => 'http://shop.dev/products/index'
    'HTTP_ACCEPT' => 'text/html,application/xhtml+xml,application/xml;q=0.9,image/webp,image/apng,*/*;q=0.8'
    'HTTP_USER_AGENT' => 'Mozilla/5.0 (X11; Linux x86_64) AppleWebKit/537.36 (KHTML, like Gecko) Chrome/62.0.3202.97 Safari/537.36 Vivaldi/1.94.1008.34'
    'HTTP_UPGRADE_INSECURE_REQUESTS' => '1'
    'HTTP_CONNECTION' => 'keep-alive'
    'HTTP_HOST' => 'shop.dev'
    'REDIRECT_STATUS' => '200'
    'SERVER_NAME' => 'shop.dev'
    'SERVER_PORT' => '80'
    'SERVER_ADDR' => '127.0.0.1'
    'REMOTE_PORT' => '56010'
    'REMOTE_ADDR' => '127.0.0.1'
    'SERVER_SOFTWARE' => 'nginx/1.13.12'
    'GATEWAY_INTERFACE' => 'CGI/1.1'
    'REQUEST_SCHEME' => 'http'
    'SERVER_PROTOCOL' => 'HTTP/1.1'
    'DOCUMENT_ROOT' => '/var/www/yiirecepts/frontend/web'
    'DOCUMENT_URI' => '/index.php'
    'REQUEST_URI' => '/pcategories/index'
    'SCRIPT_NAME' => '/index.php'
    'CONTENT_LENGTH' => ''
    'CONTENT_TYPE' => ''
    'REQUEST_METHOD' => 'GET'
    'QUERY_STRING' => ''
    'SCRIPT_FILENAME' => '/var/www/yiirecepts/frontend/web/index.php'
    'PATH_INFO' => ''
    'FCGI_ROLE' => 'RESPONDER'
    'PHP_SELF' => '/index.php'
    'REQUEST_TIME_FLOAT' => 1553842099.89
    'REQUEST_TIME' => 1553842099
]
2019-03-29 06:48:35 [127.0.0.1][1][-][error][yii\web\HttpException:404] yii\base\InvalidRouteException: Unable to resolve the request "pcategories/index". in /var/www/yiirecepts/vendor/yiisoft/yii2/base/Module.php:537
Stack trace:
#0 /var/www/yiirecepts/vendor/yiisoft/yii2/web/Application.php(103): yii\base\Module->runAction('pcategories/ind...', Array)
#1 /var/www/yiirecepts/vendor/yiisoft/yii2/base/Application.php(386): yii\web\Application->handleRequest(Object(yii\web\Request))
#2 /var/www/yiirecepts/frontend/web/index.php(21): yii\base\Application->run()
#3 {main}

Next yii\web\NotFoundHttpException: Seite nicht gefunden. in /var/www/yiirecepts/vendor/yiisoft/yii2/web/Application.php:115
Stack trace:
#0 /var/www/yiirecepts/vendor/yiisoft/yii2/base/Application.php(386): yii\web\Application->handleRequest(Object(yii\web\Request))
#1 /var/www/yiirecepts/frontend/web/index.php(21): yii\base\Application->run()
#2 {main}
2019-03-29 06:48:35 [127.0.0.1][1][-][info][application] $_GET = []

$_POST = []

$_FILES = []

$_COOKIE = [
    '_session' => 'ocsjcdat3tg10qioai3nb77jgc'
    '_identity' => '949365d679aa150393e37e871cdac8fc15020644256fc29555ca7cff438ca110a:2:{i:0;s:9:\"_identity\";i:1;s:46:\"[1,\"UrnYQjQuucXG3cyMeUBCqCiz4i40R5kM\",2592000]\";}'
    '_csrf-frontend' => '561281aa4d8be1e3d2fb5670b45cecf811e806e359b873402de198ba8167e509a:2:{i:0;s:14:\"_csrf-frontend\";i:1;s:32:\"dkGPiyWEiKovIrobCCKD26zMIA8dJXOO\";}'
]

$_SESSION = [
    '__flash' => []
    '__returnUrl' => '/pcategories/index'
    '__id' => 1
]

$_SERVER = [
    'USER' => 'www-data'
    'HOME' => '/var/www'
    'HTTP_COOKIE' => '_session=ocsjcdat3tg10qioai3nb77jgc; _identity=949365d679aa150393e37e871cdac8fc15020644256fc29555ca7cff438ca110a%3A2%3A%7Bi%3A0%3Bs%3A9%3A%22_identity%22%3Bi%3A1%3Bs%3A46%3A%22%5B1%2C%22UrnYQjQuucXG3cyMeUBCqCiz4i40R5kM%22%2C2592000%5D%22%3B%7D; _csrf-frontend=561281aa4d8be1e3d2fb5670b45cecf811e806e359b873402de198ba8167e509a%3A2%3A%7Bi%3A0%3Bs%3A14%3A%22_csrf-frontend%22%3Bi%3A1%3Bs%3A32%3A%22dkGPiyWEiKovIrobCCKD26zMIA8dJXOO%22%3B%7D'
    'HTTP_ACCEPT_LANGUAGE' => 'en-US,en;q=0.9'
    'HTTP_ACCEPT_ENCODING' => 'gzip, deflate'
    'HTTP_REFERER' => 'http://shop.dev/site/login'
    'HTTP_ACCEPT' => 'text/html,application/xhtml+xml,application/xml;q=0.9,image/webp,image/apng,*/*;q=0.8'
    'HTTP_USER_AGENT' => 'Mozilla/5.0 (X11; Linux x86_64) AppleWebKit/537.36 (KHTML, like Gecko) Chrome/62.0.3202.97 Safari/537.36 Vivaldi/1.94.1008.34'
    'HTTP_UPGRADE_INSECURE_REQUESTS' => '1'
    'HTTP_CACHE_CONTROL' => 'max-age=0'
    'HTTP_CONNECTION' => 'keep-alive'
    'HTTP_HOST' => 'shop.dev'
    'REDIRECT_STATUS' => '200'
    'SERVER_NAME' => 'shop.dev'
    'SERVER_PORT' => '80'
    'SERVER_ADDR' => '127.0.0.1'
    'REMOTE_PORT' => '56010'
    'REMOTE_ADDR' => '127.0.0.1'
    'SERVER_SOFTWARE' => 'nginx/1.13.12'
    'GATEWAY_INTERFACE' => 'CGI/1.1'
    'REQUEST_SCHEME' => 'http'
    'SERVER_PROTOCOL' => 'HTTP/1.1'
    'DOCUMENT_ROOT' => '/var/www/yiirecepts/frontend/web'
    'DOCUMENT_URI' => '/index.php'
    'REQUEST_URI' => '/pcategories/index'
    'SCRIPT_NAME' => '/index.php'
    'CONTENT_LENGTH' => ''
    'CONTENT_TYPE' => ''
    'REQUEST_METHOD' => 'GET'
    'QUERY_STRING' => ''
    'SCRIPT_FILENAME' => '/var/www/yiirecepts/frontend/web/index.php'
    'PATH_INFO' => ''
    'FCGI_ROLE' => 'RESPONDER'
    'PHP_SELF' => '/index.php'
    'REQUEST_TIME_FLOAT' => 1553842115.4476
    'REQUEST_TIME' => 1553842115
]
2019-03-29 06:49:02 [127.0.0.1][1][-][error][yii\web\HttpException:404] yii\base\InvalidRouteException: Unable to resolve the request "pcategories/index". in /var/www/yiirecepts/vendor/yiisoft/yii2/base/Module.php:537
Stack trace:
#0 /var/www/yiirecepts/vendor/yiisoft/yii2/web/Application.php(103): yii\base\Module->runAction('pcategories/ind...', Array)
#1 /var/www/yiirecepts/vendor/yiisoft/yii2/base/Application.php(386): yii\web\Application->handleRequest(Object(yii\web\Request))
#2 /var/www/yiirecepts/frontend/web/index.php(21): yii\base\Application->run()
#3 {main}

Next yii\web\NotFoundHttpException: Seite nicht gefunden. in /var/www/yiirecepts/vendor/yiisoft/yii2/web/Application.php:115
Stack trace:
#0 /var/www/yiirecepts/vendor/yiisoft/yii2/base/Application.php(386): yii\web\Application->handleRequest(Object(yii\web\Request))
#1 /var/www/yiirecepts/frontend/web/index.php(21): yii\base\Application->run()
#2 {main}
2019-03-29 06:49:02 [127.0.0.1][1][-][info][application] $_GET = []

$_POST = []

$_FILES = []

$_COOKIE = [
    '_session' => 'ocsjcdat3tg10qioai3nb77jgc'
    '_csrf-frontend' => '561281aa4d8be1e3d2fb5670b45cecf811e806e359b873402de198ba8167e509a:2:{i:0;s:14:\"_csrf-frontend\";i:1;s:32:\"dkGPiyWEiKovIrobCCKD26zMIA8dJXOO\";}'
    '_identity' => '949365d679aa150393e37e871cdac8fc15020644256fc29555ca7cff438ca110a:2:{i:0;s:9:\"_identity\";i:1;s:46:\"[1,\"UrnYQjQuucXG3cyMeUBCqCiz4i40R5kM\",2592000]\";}'
]

$_SESSION = [
    '__flash' => []
    '__returnUrl' => '/pcategories/index'
    '__id' => 1
]

$_SERVER = [
    'USER' => 'www-data'
    'HOME' => '/var/www'
    'HTTP_COOKIE' => '_session=ocsjcdat3tg10qioai3nb77jgc; _csrf-frontend=561281aa4d8be1e3d2fb5670b45cecf811e806e359b873402de198ba8167e509a%3A2%3A%7Bi%3A0%3Bs%3A14%3A%22_csrf-frontend%22%3Bi%3A1%3Bs%3A32%3A%22dkGPiyWEiKovIrobCCKD26zMIA8dJXOO%22%3B%7D; _identity=949365d679aa150393e37e871cdac8fc15020644256fc29555ca7cff438ca110a%3A2%3A%7Bi%3A0%3Bs%3A9%3A%22_identity%22%3Bi%3A1%3Bs%3A46%3A%22%5B1%2C%22UrnYQjQuucXG3cyMeUBCqCiz4i40R5kM%22%2C2592000%5D%22%3B%7D'
    'HTTP_ACCEPT_LANGUAGE' => 'en-US,en;q=0.9'
    'HTTP_ACCEPT_ENCODING' => 'gzip, deflate'
    'HTTP_REFERER' => 'http://shop.dev/'
    'HTTP_ACCEPT' => 'text/html,application/xhtml+xml,application/xml;q=0.9,image/webp,image/apng,*/*;q=0.8'
    'HTTP_USER_AGENT' => 'Mozilla/5.0 (X11; Linux x86_64) AppleWebKit/537.36 (KHTML, like Gecko) Chrome/62.0.3202.97 Safari/537.36 Vivaldi/1.94.1008.34'
    'HTTP_UPGRADE_INSECURE_REQUESTS' => '1'
    'HTTP_CONNECTION' => 'keep-alive'
    'HTTP_HOST' => 'shop.dev'
    'REDIRECT_STATUS' => '200'
    'SERVER_NAME' => 'shop.dev'
    'SERVER_PORT' => '80'
    'SERVER_ADDR' => '127.0.0.1'
    'REMOTE_PORT' => '56010'
    'REMOTE_ADDR' => '127.0.0.1'
    'SERVER_SOFTWARE' => 'nginx/1.13.12'
    'GATEWAY_INTERFACE' => 'CGI/1.1'
    'REQUEST_SCHEME' => 'http'
    'SERVER_PROTOCOL' => 'HTTP/1.1'
    'DOCUMENT_ROOT' => '/var/www/yiirecepts/frontend/web'
    'DOCUMENT_URI' => '/index.php'
    'REQUEST_URI' => '/pcategories/index'
    'SCRIPT_NAME' => '/index.php'
    'CONTENT_LENGTH' => ''
    'CONTENT_TYPE' => ''
    'REQUEST_METHOD' => 'GET'
    'QUERY_STRING' => ''
    'SCRIPT_FILENAME' => '/var/www/yiirecepts/frontend/web/index.php'
    'PATH_INFO' => ''
    'FCGI_ROLE' => 'RESPONDER'
    'PHP_SELF' => '/index.php'
    'REQUEST_TIME_FLOAT' => 1553842142.9206
    'REQUEST_TIME' => 1553842142
]
2019-03-29 06:49:26 [127.0.0.1][1][-][error][yii\web\HttpException:404] yii\base\InvalidRouteException: Unable to resolve the request "pcategory/index". in /var/www/yiirecepts/vendor/yiisoft/yii2/base/Module.php:537
Stack trace:
#0 /var/www/yiirecepts/vendor/yiisoft/yii2/web/Application.php(103): yii\base\Module->runAction('pcategory/index', Array)
#1 /var/www/yiirecepts/vendor/yiisoft/yii2/base/Application.php(386): yii\web\Application->handleRequest(Object(yii\web\Request))
#2 /var/www/yiirecepts/frontend/web/index.php(21): yii\base\Application->run()
#3 {main}

Next yii\web\NotFoundHttpException: Seite nicht gefunden. in /var/www/yiirecepts/vendor/yiisoft/yii2/web/Application.php:115
Stack trace:
#0 /var/www/yiirecepts/vendor/yiisoft/yii2/base/Application.php(386): yii\web\Application->handleRequest(Object(yii\web\Request))
#1 /var/www/yiirecepts/frontend/web/index.php(21): yii\base\Application->run()
#2 {main}
2019-03-29 06:49:26 [127.0.0.1][1][-][info][application] $_GET = []

$_POST = []

$_FILES = []

$_COOKIE = [
    '_session' => 'ocsjcdat3tg10qioai3nb77jgc'
    '_csrf-frontend' => '561281aa4d8be1e3d2fb5670b45cecf811e806e359b873402de198ba8167e509a:2:{i:0;s:14:\"_csrf-frontend\";i:1;s:32:\"dkGPiyWEiKovIrobCCKD26zMIA8dJXOO\";}'
    '_identity' => '949365d679aa150393e37e871cdac8fc15020644256fc29555ca7cff438ca110a:2:{i:0;s:9:\"_identity\";i:1;s:46:\"[1,\"UrnYQjQuucXG3cyMeUBCqCiz4i40R5kM\",2592000]\";}'
]

$_SESSION = [
    '__flash' => []
    '__returnUrl' => '/pcategories/index'
    '__id' => 1
]

$_SERVER = [
    'USER' => 'www-data'
    'HOME' => '/var/www'
    'HTTP_COOKIE' => '_session=ocsjcdat3tg10qioai3nb77jgc; _csrf-frontend=561281aa4d8be1e3d2fb5670b45cecf811e806e359b873402de198ba8167e509a%3A2%3A%7Bi%3A0%3Bs%3A14%3A%22_csrf-frontend%22%3Bi%3A1%3Bs%3A32%3A%22dkGPiyWEiKovIrobCCKD26zMIA8dJXOO%22%3B%7D; _identity=949365d679aa150393e37e871cdac8fc15020644256fc29555ca7cff438ca110a%3A2%3A%7Bi%3A0%3Bs%3A9%3A%22_identity%22%3Bi%3A1%3Bs%3A46%3A%22%5B1%2C%22UrnYQjQuucXG3cyMeUBCqCiz4i40R5kM%22%2C2592000%5D%22%3B%7D'
    'HTTP_ACCEPT_LANGUAGE' => 'en-US,en;q=0.9'
    'HTTP_ACCEPT_ENCODING' => 'gzip, deflate'
    'HTTP_REFERER' => 'http://shop.dev/'
    'HTTP_ACCEPT' => 'text/html,application/xhtml+xml,application/xml;q=0.9,image/webp,image/apng,*/*;q=0.8'
    'HTTP_USER_AGENT' => 'Mozilla/5.0 (X11; Linux x86_64) AppleWebKit/537.36 (KHTML, like Gecko) Chrome/62.0.3202.97 Safari/537.36 Vivaldi/1.94.1008.34'
    'HTTP_UPGRADE_INSECURE_REQUESTS' => '1'
    'HTTP_CONNECTION' => 'keep-alive'
    'HTTP_HOST' => 'shop.dev'
    'REDIRECT_STATUS' => '200'
    'SERVER_NAME' => 'shop.dev'
    'SERVER_PORT' => '80'
    'SERVER_ADDR' => '127.0.0.1'
    'REMOTE_PORT' => '56010'
    'REMOTE_ADDR' => '127.0.0.1'
    'SERVER_SOFTWARE' => 'nginx/1.13.12'
    'GATEWAY_INTERFACE' => 'CGI/1.1'
    'REQUEST_SCHEME' => 'http'
    'SERVER_PROTOCOL' => 'HTTP/1.1'
    'DOCUMENT_ROOT' => '/var/www/yiirecepts/frontend/web'
    'DOCUMENT_URI' => '/index.php'
    'REQUEST_URI' => '/pcategory/index'
    'SCRIPT_NAME' => '/index.php'
    'CONTENT_LENGTH' => ''
    'CONTENT_TYPE' => ''
    'REQUEST_METHOD' => 'GET'
    'QUERY_STRING' => ''
    'SCRIPT_FILENAME' => '/var/www/yiirecepts/frontend/web/index.php'
    'PATH_INFO' => ''
    'FCGI_ROLE' => 'RESPONDER'
    'PHP_SELF' => '/index.php'
    'REQUEST_TIME_FLOAT' => 1553842166.0093
    'REQUEST_TIME' => 1553842166
]
2019-03-29 06:50:04 [127.0.0.1][1][-][error][yii\web\HttpException:404] yii\base\InvalidRouteException: Unable to resolve the request "product/index". in /var/www/yiirecepts/vendor/yiisoft/yii2/base/Module.php:537
Stack trace:
#0 /var/www/yiirecepts/vendor/yiisoft/yii2/web/Application.php(103): yii\base\Module->runAction('product/index', Array)
#1 /var/www/yiirecepts/vendor/yiisoft/yii2/base/Application.php(386): yii\web\Application->handleRequest(Object(yii\web\Request))
#2 /var/www/yiirecepts/frontend/web/index.php(21): yii\base\Application->run()
#3 {main}

Next yii\web\NotFoundHttpException: Seite nicht gefunden. in /var/www/yiirecepts/vendor/yiisoft/yii2/web/Application.php:115
Stack trace:
#0 /var/www/yiirecepts/vendor/yiisoft/yii2/base/Application.php(386): yii\web\Application->handleRequest(Object(yii\web\Request))
#1 /var/www/yiirecepts/frontend/web/index.php(21): yii\base\Application->run()
#2 {main}
2019-03-29 06:50:04 [127.0.0.1][1][-][info][application] $_GET = []

$_POST = []

$_FILES = []

$_COOKIE = [
    '_session' => 'ocsjcdat3tg10qioai3nb77jgc'
    '_csrf-frontend' => '561281aa4d8be1e3d2fb5670b45cecf811e806e359b873402de198ba8167e509a:2:{i:0;s:14:\"_csrf-frontend\";i:1;s:32:\"dkGPiyWEiKovIrobCCKD26zMIA8dJXOO\";}'
    '_identity' => '949365d679aa150393e37e871cdac8fc15020644256fc29555ca7cff438ca110a:2:{i:0;s:9:\"_identity\";i:1;s:46:\"[1,\"UrnYQjQuucXG3cyMeUBCqCiz4i40R5kM\",2592000]\";}'
]

$_SESSION = [
    '__flash' => []
    '__returnUrl' => '/pcategories/index'
    '__id' => 1
]

$_SERVER = [
    'USER' => 'www-data'
    'HOME' => '/var/www'
    'HTTP_COOKIE' => '_session=ocsjcdat3tg10qioai3nb77jgc; _csrf-frontend=561281aa4d8be1e3d2fb5670b45cecf811e806e359b873402de198ba8167e509a%3A2%3A%7Bi%3A0%3Bs%3A14%3A%22_csrf-frontend%22%3Bi%3A1%3Bs%3A32%3A%22dkGPiyWEiKovIrobCCKD26zMIA8dJXOO%22%3B%7D; _identity=949365d679aa150393e37e871cdac8fc15020644256fc29555ca7cff438ca110a%3A2%3A%7Bi%3A0%3Bs%3A9%3A%22_identity%22%3Bi%3A1%3Bs%3A46%3A%22%5B1%2C%22UrnYQjQuucXG3cyMeUBCqCiz4i40R5kM%22%2C2592000%5D%22%3B%7D'
    'HTTP_ACCEPT_LANGUAGE' => 'en-US,en;q=0.9'
    'HTTP_ACCEPT_ENCODING' => 'gzip, deflate'
    'HTTP_REFERER' => 'http://shop.dev/'
    'HTTP_ACCEPT' => 'text/html,application/xhtml+xml,application/xml;q=0.9,image/webp,image/apng,*/*;q=0.8'
    'HTTP_USER_AGENT' => 'Mozilla/5.0 (X11; Linux x86_64) AppleWebKit/537.36 (KHTML, like Gecko) Chrome/62.0.3202.97 Safari/537.36 Vivaldi/1.94.1008.34'
    'HTTP_UPGRADE_INSECURE_REQUESTS' => '1'
    'HTTP_CONNECTION' => 'keep-alive'
    'HTTP_HOST' => 'shop.dev'
    'REDIRECT_STATUS' => '200'
    'SERVER_NAME' => 'shop.dev'
    'SERVER_PORT' => '80'
    'SERVER_ADDR' => '127.0.0.1'
    'REMOTE_PORT' => '56010'
    'REMOTE_ADDR' => '127.0.0.1'
    'SERVER_SOFTWARE' => 'nginx/1.13.12'
    'GATEWAY_INTERFACE' => 'CGI/1.1'
    'REQUEST_SCHEME' => 'http'
    'SERVER_PROTOCOL' => 'HTTP/1.1'
    'DOCUMENT_ROOT' => '/var/www/yiirecepts/frontend/web'
    'DOCUMENT_URI' => '/index.php'
    'REQUEST_URI' => '/product/index'
    'SCRIPT_NAME' => '/index.php'
    'CONTENT_LENGTH' => ''
    'CONTENT_TYPE' => ''
    'REQUEST_METHOD' => 'GET'
    'QUERY_STRING' => ''
    'SCRIPT_FILENAME' => '/var/www/yiirecepts/frontend/web/index.php'
    'PATH_INFO' => ''
    'FCGI_ROLE' => 'RESPONDER'
    'PHP_SELF' => '/index.php'
    'REQUEST_TIME_FLOAT' => 1553842204.1726
    'REQUEST_TIME' => 1553842204
]
2019-03-29 06:51:07 [127.0.0.1][1][-][error][yii\web\HttpException:404] yii\base\InvalidRouteException: Unable to resolve the request "pcategory/index". in /var/www/yiirecepts/vendor/yiisoft/yii2/base/Module.php:537
Stack trace:
#0 /var/www/yiirecepts/vendor/yiisoft/yii2/web/Application.php(103): yii\base\Module->runAction('pcategory/index', Array)
#1 /var/www/yiirecepts/vendor/yiisoft/yii2/base/Application.php(386): yii\web\Application->handleRequest(Object(yii\web\Request))
#2 /var/www/yiirecepts/frontend/web/index.php(21): yii\base\Application->run()
#3 {main}

Next yii\web\NotFoundHttpException: Seite nicht gefunden. in /var/www/yiirecepts/vendor/yiisoft/yii2/web/Application.php:115
Stack trace:
#0 /var/www/yiirecepts/vendor/yiisoft/yii2/base/Application.php(386): yii\web\Application->handleRequest(Object(yii\web\Request))
#1 /var/www/yiirecepts/frontend/web/index.php(21): yii\base\Application->run()
#2 {main}
2019-03-29 06:51:07 [127.0.0.1][1][-][info][application] $_GET = []

$_POST = []

$_FILES = []

$_COOKIE = [
    '_session' => 'ocsjcdat3tg10qioai3nb77jgc'
    '_csrf-frontend' => '561281aa4d8be1e3d2fb5670b45cecf811e806e359b873402de198ba8167e509a:2:{i:0;s:14:\"_csrf-frontend\";i:1;s:32:\"dkGPiyWEiKovIrobCCKD26zMIA8dJXOO\";}'
    '_identity' => '949365d679aa150393e37e871cdac8fc15020644256fc29555ca7cff438ca110a:2:{i:0;s:9:\"_identity\";i:1;s:46:\"[1,\"UrnYQjQuucXG3cyMeUBCqCiz4i40R5kM\",2592000]\";}'
]

$_SESSION = [
    '__flash' => []
    '__returnUrl' => '/pcategories/index'
    '__id' => 1
]

$_SERVER = [
    'USER' => 'www-data'
    'HOME' => '/var/www'
    'HTTP_COOKIE' => '_session=ocsjcdat3tg10qioai3nb77jgc; _csrf-frontend=561281aa4d8be1e3d2fb5670b45cecf811e806e359b873402de198ba8167e509a%3A2%3A%7Bi%3A0%3Bs%3A14%3A%22_csrf-frontend%22%3Bi%3A1%3Bs%3A32%3A%22dkGPiyWEiKovIrobCCKD26zMIA8dJXOO%22%3B%7D; _identity=949365d679aa150393e37e871cdac8fc15020644256fc29555ca7cff438ca110a%3A2%3A%7Bi%3A0%3Bs%3A9%3A%22_identity%22%3Bi%3A1%3Bs%3A46%3A%22%5B1%2C%22UrnYQjQuucXG3cyMeUBCqCiz4i40R5kM%22%2C2592000%5D%22%3B%7D'
    'HTTP_ACCEPT_LANGUAGE' => 'en-US,en;q=0.9'
    'HTTP_ACCEPT_ENCODING' => 'gzip, deflate'
    'HTTP_REFERER' => 'http://shop.dev/'
    'HTTP_ACCEPT' => 'text/html,application/xhtml+xml,application/xml;q=0.9,image/webp,image/apng,*/*;q=0.8'
    'HTTP_USER_AGENT' => 'Mozilla/5.0 (X11; Linux x86_64) AppleWebKit/537.36 (KHTML, like Gecko) Chrome/62.0.3202.97 Safari/537.36 Vivaldi/1.94.1008.34'
    'HTTP_UPGRADE_INSECURE_REQUESTS' => '1'
    'HTTP_CONNECTION' => 'keep-alive'
    'HTTP_HOST' => 'shop.dev'
    'REDIRECT_STATUS' => '200'
    'SERVER_NAME' => 'shop.dev'
    'SERVER_PORT' => '80'
    'SERVER_ADDR' => '127.0.0.1'
    'REMOTE_PORT' => '56010'
    'REMOTE_ADDR' => '127.0.0.1'
    'SERVER_SOFTWARE' => 'nginx/1.13.12'
    'GATEWAY_INTERFACE' => 'CGI/1.1'
    'REQUEST_SCHEME' => 'http'
    'SERVER_PROTOCOL' => 'HTTP/1.1'
    'DOCUMENT_ROOT' => '/var/www/yiirecepts/frontend/web'
    'DOCUMENT_URI' => '/index.php'
    'REQUEST_URI' => '/pcategory/index'
    'SCRIPT_NAME' => '/index.php'
    'CONTENT_LENGTH' => ''
    'CONTENT_TYPE' => ''
    'REQUEST_METHOD' => 'GET'
    'QUERY_STRING' => ''
    'SCRIPT_FILENAME' => '/var/www/yiirecepts/frontend/web/index.php'
    'PATH_INFO' => ''
    'FCGI_ROLE' => 'RESPONDER'
    'PHP_SELF' => '/index.php'
    'REQUEST_TIME_FLOAT' => 1553842267.9573
    'REQUEST_TIME' => 1553842267
]
2019-03-29 06:53:25 [127.0.0.1][1][-][error][yii\web\HttpException:404] yii\base\InvalidRouteException: Unable to resolve the request "pcategory/index". in /var/www/yiirecepts/vendor/yiisoft/yii2/base/Module.php:537
Stack trace:
#0 /var/www/yiirecepts/vendor/yiisoft/yii2/web/Application.php(103): yii\base\Module->runAction('pcategory/index', Array)
#1 /var/www/yiirecepts/vendor/yiisoft/yii2/base/Application.php(386): yii\web\Application->handleRequest(Object(yii\web\Request))
#2 /var/www/yiirecepts/frontend/web/index.php(21): yii\base\Application->run()
#3 {main}

Next yii\web\NotFoundHttpException: Seite nicht gefunden. in /var/www/yiirecepts/vendor/yiisoft/yii2/web/Application.php:115
Stack trace:
#0 /var/www/yiirecepts/vendor/yiisoft/yii2/base/Application.php(386): yii\web\Application->handleRequest(Object(yii\web\Request))
#1 /var/www/yiirecepts/frontend/web/index.php(21): yii\base\Application->run()
#2 {main}
2019-03-29 06:53:25 [127.0.0.1][1][-][info][application] $_GET = []

$_POST = []

$_FILES = []

$_COOKIE = [
    '_session' => 'ocsjcdat3tg10qioai3nb77jgc'
    '_csrf-frontend' => '561281aa4d8be1e3d2fb5670b45cecf811e806e359b873402de198ba8167e509a:2:{i:0;s:14:\"_csrf-frontend\";i:1;s:32:\"dkGPiyWEiKovIrobCCKD26zMIA8dJXOO\";}'
    '_identity' => '949365d679aa150393e37e871cdac8fc15020644256fc29555ca7cff438ca110a:2:{i:0;s:9:\"_identity\";i:1;s:46:\"[1,\"UrnYQjQuucXG3cyMeUBCqCiz4i40R5kM\",2592000]\";}'
]

$_SESSION = [
    '__flash' => []
    '__returnUrl' => '/pcategories/index'
    '__id' => 1
]

$_SERVER = [
    'USER' => 'www-data'
    'HOME' => '/var/www'
    'HTTP_COOKIE' => '_session=ocsjcdat3tg10qioai3nb77jgc; _csrf-frontend=561281aa4d8be1e3d2fb5670b45cecf811e806e359b873402de198ba8167e509a%3A2%3A%7Bi%3A0%3Bs%3A14%3A%22_csrf-frontend%22%3Bi%3A1%3Bs%3A32%3A%22dkGPiyWEiKovIrobCCKD26zMIA8dJXOO%22%3B%7D; _identity=949365d679aa150393e37e871cdac8fc15020644256fc29555ca7cff438ca110a%3A2%3A%7Bi%3A0%3Bs%3A9%3A%22_identity%22%3Bi%3A1%3Bs%3A46%3A%22%5B1%2C%22UrnYQjQuucXG3cyMeUBCqCiz4i40R5kM%22%2C2592000%5D%22%3B%7D'
    'HTTP_ACCEPT_LANGUAGE' => 'en-US,en;q=0.9'
    'HTTP_ACCEPT_ENCODING' => 'gzip, deflate'
    'HTTP_REFERER' => 'http://shop.dev/'
    'HTTP_ACCEPT' => 'text/html,application/xhtml+xml,application/xml;q=0.9,image/webp,image/apng,*/*;q=0.8'
    'HTTP_USER_AGENT' => 'Mozilla/5.0 (X11; Linux x86_64) AppleWebKit/537.36 (KHTML, like Gecko) Chrome/62.0.3202.97 Safari/537.36 Vivaldi/1.94.1008.34'
    'HTTP_UPGRADE_INSECURE_REQUESTS' => '1'
    'HTTP_CACHE_CONTROL' => 'max-age=0'
    'HTTP_CONNECTION' => 'keep-alive'
    'HTTP_HOST' => 'shop.dev'
    'REDIRECT_STATUS' => '200'
    'SERVER_NAME' => 'shop.dev'
    'SERVER_PORT' => '80'
    'SERVER_ADDR' => '127.0.0.1'
    'REMOTE_PORT' => '58748'
    'REMOTE_ADDR' => '127.0.0.1'
    'SERVER_SOFTWARE' => 'nginx/1.13.12'
    'GATEWAY_INTERFACE' => 'CGI/1.1'
    'REQUEST_SCHEME' => 'http'
    'SERVER_PROTOCOL' => 'HTTP/1.1'
    'DOCUMENT_ROOT' => '/var/www/yiirecepts/frontend/web'
    'DOCUMENT_URI' => '/index.php'
    'REQUEST_URI' => '/pcategory/index'
    'SCRIPT_NAME' => '/index.php'
    'CONTENT_LENGTH' => ''
    'CONTENT_TYPE' => ''
    'REQUEST_METHOD' => 'GET'
    'QUERY_STRING' => ''
    'SCRIPT_FILENAME' => '/var/www/yiirecepts/frontend/web/index.php'
    'PATH_INFO' => ''
    'FCGI_ROLE' => 'RESPONDER'
    'PHP_SELF' => '/index.php'
    'REQUEST_TIME_FLOAT' => 1553842404.9917
    'REQUEST_TIME' => 1553842404
]
2019-03-29 06:53:31 [127.0.0.1][1][-][error][yii\web\HttpException:404] yii\base\InvalidRouteException: Unable to resolve the request "pcategories/index". in /var/www/yiirecepts/vendor/yiisoft/yii2/base/Module.php:537
Stack trace:
#0 /var/www/yiirecepts/vendor/yiisoft/yii2/web/Application.php(103): yii\base\Module->runAction('pcategories/ind...', Array)
#1 /var/www/yiirecepts/vendor/yiisoft/yii2/base/Application.php(386): yii\web\Application->handleRequest(Object(yii\web\Request))
#2 /var/www/yiirecepts/frontend/web/index.php(21): yii\base\Application->run()
#3 {main}

Next yii\web\NotFoundHttpException: Seite nicht gefunden. in /var/www/yiirecepts/vendor/yiisoft/yii2/web/Application.php:115
Stack trace:
#0 /var/www/yiirecepts/vendor/yiisoft/yii2/base/Application.php(386): yii\web\Application->handleRequest(Object(yii\web\Request))
#1 /var/www/yiirecepts/frontend/web/index.php(21): yii\base\Application->run()
#2 {main}
2019-03-29 06:53:31 [127.0.0.1][1][-][info][application] $_GET = []

$_POST = []

$_FILES = []

$_COOKIE = [
    '_session' => 'ocsjcdat3tg10qioai3nb77jgc'
    '_csrf-frontend' => '561281aa4d8be1e3d2fb5670b45cecf811e806e359b873402de198ba8167e509a:2:{i:0;s:14:\"_csrf-frontend\";i:1;s:32:\"dkGPiyWEiKovIrobCCKD26zMIA8dJXOO\";}'
    '_identity' => '949365d679aa150393e37e871cdac8fc15020644256fc29555ca7cff438ca110a:2:{i:0;s:9:\"_identity\";i:1;s:46:\"[1,\"UrnYQjQuucXG3cyMeUBCqCiz4i40R5kM\",2592000]\";}'
]

$_SESSION = [
    '__flash' => []
    '__returnUrl' => '/pcategories/index'
    '__id' => 1
]

$_SERVER = [
    'USER' => 'www-data'
    'HOME' => '/var/www'
    'HTTP_COOKIE' => '_session=ocsjcdat3tg10qioai3nb77jgc; _csrf-frontend=561281aa4d8be1e3d2fb5670b45cecf811e806e359b873402de198ba8167e509a%3A2%3A%7Bi%3A0%3Bs%3A14%3A%22_csrf-frontend%22%3Bi%3A1%3Bs%3A32%3A%22dkGPiyWEiKovIrobCCKD26zMIA8dJXOO%22%3B%7D; _identity=949365d679aa150393e37e871cdac8fc15020644256fc29555ca7cff438ca110a%3A2%3A%7Bi%3A0%3Bs%3A9%3A%22_identity%22%3Bi%3A1%3Bs%3A46%3A%22%5B1%2C%22UrnYQjQuucXG3cyMeUBCqCiz4i40R5kM%22%2C2592000%5D%22%3B%7D'
    'HTTP_ACCEPT_LANGUAGE' => 'en-US,en;q=0.9'
    'HTTP_ACCEPT_ENCODING' => 'gzip, deflate'
    'HTTP_ACCEPT' => 'text/html,application/xhtml+xml,application/xml;q=0.9,image/webp,image/apng,*/*;q=0.8'
    'HTTP_USER_AGENT' => 'Mozilla/5.0 (X11; Linux x86_64) AppleWebKit/537.36 (KHTML, like Gecko) Chrome/62.0.3202.97 Safari/537.36 Vivaldi/1.94.1008.34'
    'HTTP_UPGRADE_INSECURE_REQUESTS' => '1'
    'HTTP_CONNECTION' => 'keep-alive'
    'HTTP_HOST' => 'shop.dev'
    'REDIRECT_STATUS' => '200'
    'SERVER_NAME' => 'shop.dev'
    'SERVER_PORT' => '80'
    'SERVER_ADDR' => '127.0.0.1'
    'REMOTE_PORT' => '58748'
    'REMOTE_ADDR' => '127.0.0.1'
    'SERVER_SOFTWARE' => 'nginx/1.13.12'
    'GATEWAY_INTERFACE' => 'CGI/1.1'
    'REQUEST_SCHEME' => 'http'
    'SERVER_PROTOCOL' => 'HTTP/1.1'
    'DOCUMENT_ROOT' => '/var/www/yiirecepts/frontend/web'
    'DOCUMENT_URI' => '/index.php'
    'REQUEST_URI' => '/pcategories/index'
    'SCRIPT_NAME' => '/index.php'
    'CONTENT_LENGTH' => ''
    'CONTENT_TYPE' => ''
    'REQUEST_METHOD' => 'GET'
    'QUERY_STRING' => ''
    'SCRIPT_FILENAME' => '/var/www/yiirecepts/frontend/web/index.php'
    'PATH_INFO' => ''
    'FCGI_ROLE' => 'RESPONDER'
    'PHP_SELF' => '/index.php'
    'REQUEST_TIME_FLOAT' => 1553842411.8353
    'REQUEST_TIME' => 1553842411
]
2019-03-29 06:58:20 [127.0.0.1][1][-][error][yii\web\HttpException:404] yii\base\InvalidRouteException: Unable to resolve the request "pcategories/index". in /var/www/yiirecepts/vendor/yiisoft/yii2/base/Module.php:537
Stack trace:
#0 /var/www/yiirecepts/vendor/yiisoft/yii2/web/Application.php(103): yii\base\Module->runAction('pcategories/ind...', Array)
#1 /var/www/yiirecepts/vendor/yiisoft/yii2/base/Application.php(386): yii\web\Application->handleRequest(Object(yii\web\Request))
#2 /var/www/yiirecepts/frontend/web/index.php(21): yii\base\Application->run()
#3 {main}

Next yii\web\NotFoundHttpException: Seite nicht gefunden. in /var/www/yiirecepts/vendor/yiisoft/yii2/web/Application.php:115
Stack trace:
#0 /var/www/yiirecepts/vendor/yiisoft/yii2/base/Application.php(386): yii\web\Application->handleRequest(Object(yii\web\Request))
#1 /var/www/yiirecepts/frontend/web/index.php(21): yii\base\Application->run()
#2 {main}
2019-03-29 06:58:20 [127.0.0.1][1][-][info][application] $_GET = []

$_POST = []

$_FILES = []

$_COOKIE = [
    '_session' => 'ocsjcdat3tg10qioai3nb77jgc'
    '_csrf-frontend' => '561281aa4d8be1e3d2fb5670b45cecf811e806e359b873402de198ba8167e509a:2:{i:0;s:14:\"_csrf-frontend\";i:1;s:32:\"dkGPiyWEiKovIrobCCKD26zMIA8dJXOO\";}'
    '_identity' => '949365d679aa150393e37e871cdac8fc15020644256fc29555ca7cff438ca110a:2:{i:0;s:9:\"_identity\";i:1;s:46:\"[1,\"UrnYQjQuucXG3cyMeUBCqCiz4i40R5kM\",2592000]\";}'
]

$_SESSION = [
    '__flash' => []
    '__returnUrl' => '/pcategories/index'
    '__id' => 1
]

$_SERVER = [
    'USER' => 'www-data'
    'HOME' => '/var/www'
    'HTTP_COOKIE' => '_session=ocsjcdat3tg10qioai3nb77jgc; _csrf-frontend=561281aa4d8be1e3d2fb5670b45cecf811e806e359b873402de198ba8167e509a%3A2%3A%7Bi%3A0%3Bs%3A14%3A%22_csrf-frontend%22%3Bi%3A1%3Bs%3A32%3A%22dkGPiyWEiKovIrobCCKD26zMIA8dJXOO%22%3B%7D; _identity=949365d679aa150393e37e871cdac8fc15020644256fc29555ca7cff438ca110a%3A2%3A%7Bi%3A0%3Bs%3A9%3A%22_identity%22%3Bi%3A1%3Bs%3A46%3A%22%5B1%2C%22UrnYQjQuucXG3cyMeUBCqCiz4i40R5kM%22%2C2592000%5D%22%3B%7D'
    'HTTP_ACCEPT_LANGUAGE' => 'en-US,en;q=0.9'
    'HTTP_ACCEPT_ENCODING' => 'gzip, deflate'
    'HTTP_ACCEPT' => 'text/html,application/xhtml+xml,application/xml;q=0.9,image/webp,image/apng,*/*;q=0.8'
    'HTTP_USER_AGENT' => 'Mozilla/5.0 (X11; Linux x86_64) AppleWebKit/537.36 (KHTML, like Gecko) Chrome/62.0.3202.97 Safari/537.36 Vivaldi/1.94.1008.34'
    'HTTP_UPGRADE_INSECURE_REQUESTS' => '1'
    'HTTP_CONNECTION' => 'keep-alive'
    'HTTP_HOST' => 'shop.dev'
    'REDIRECT_STATUS' => '200'
    'SERVER_NAME' => 'shop.dev'
    'SERVER_PORT' => '80'
    'SERVER_ADDR' => '127.0.0.1'
    'REMOTE_PORT' => '32996'
    'REMOTE_ADDR' => '127.0.0.1'
    'SERVER_SOFTWARE' => 'nginx/1.13.12'
    'GATEWAY_INTERFACE' => 'CGI/1.1'
    'REQUEST_SCHEME' => 'http'
    'SERVER_PROTOCOL' => 'HTTP/1.1'
    'DOCUMENT_ROOT' => '/var/www/yiirecepts/frontend/web'
    'DOCUMENT_URI' => '/index.php'
    'REQUEST_URI' => '/pcategories/index'
    'SCRIPT_NAME' => '/index.php'
    'CONTENT_LENGTH' => ''
    'CONTENT_TYPE' => ''
    'REQUEST_METHOD' => 'GET'
    'QUERY_STRING' => ''
    'SCRIPT_FILENAME' => '/var/www/yiirecepts/frontend/web/index.php'
    'PATH_INFO' => ''
    'FCGI_ROLE' => 'RESPONDER'
    'PHP_SELF' => '/index.php'
    'REQUEST_TIME_FLOAT' => 1553842700.1314
    'REQUEST_TIME' => 1553842700
]
2019-03-29 06:58:21 [127.0.0.1][1][-][error][yii\web\HttpException:404] yii\base\InvalidRouteException: Unable to resolve the request "pcategory/index". in /var/www/yiirecepts/vendor/yiisoft/yii2/base/Module.php:537
Stack trace:
#0 /var/www/yiirecepts/vendor/yiisoft/yii2/web/Application.php(103): yii\base\Module->runAction('pcategory/index', Array)
#1 /var/www/yiirecepts/vendor/yiisoft/yii2/base/Application.php(386): yii\web\Application->handleRequest(Object(yii\web\Request))
#2 /var/www/yiirecepts/frontend/web/index.php(21): yii\base\Application->run()
#3 {main}

Next yii\web\NotFoundHttpException: Seite nicht gefunden. in /var/www/yiirecepts/vendor/yiisoft/yii2/web/Application.php:115
Stack trace:
#0 /var/www/yiirecepts/vendor/yiisoft/yii2/base/Application.php(386): yii\web\Application->handleRequest(Object(yii\web\Request))
#1 /var/www/yiirecepts/frontend/web/index.php(21): yii\base\Application->run()
#2 {main}
2019-03-29 06:58:21 [127.0.0.1][1][-][info][application] $_GET = []

$_POST = []

$_FILES = []

$_COOKIE = [
    '_session' => 'ocsjcdat3tg10qioai3nb77jgc'
    '_csrf-frontend' => '561281aa4d8be1e3d2fb5670b45cecf811e806e359b873402de198ba8167e509a:2:{i:0;s:14:\"_csrf-frontend\";i:1;s:32:\"dkGPiyWEiKovIrobCCKD26zMIA8dJXOO\";}'
    '_identity' => '949365d679aa150393e37e871cdac8fc15020644256fc29555ca7cff438ca110a:2:{i:0;s:9:\"_identity\";i:1;s:46:\"[1,\"UrnYQjQuucXG3cyMeUBCqCiz4i40R5kM\",2592000]\";}'
]

$_SESSION = [
    '__flash' => []
    '__returnUrl' => '/pcategories/index'
    '__id' => 1
]

$_SERVER = [
    'USER' => 'www-data'
    'HOME' => '/var/www'
    'HTTP_COOKIE' => '_session=ocsjcdat3tg10qioai3nb77jgc; _csrf-frontend=561281aa4d8be1e3d2fb5670b45cecf811e806e359b873402de198ba8167e509a%3A2%3A%7Bi%3A0%3Bs%3A14%3A%22_csrf-frontend%22%3Bi%3A1%3Bs%3A32%3A%22dkGPiyWEiKovIrobCCKD26zMIA8dJXOO%22%3B%7D; _identity=949365d679aa150393e37e871cdac8fc15020644256fc29555ca7cff438ca110a%3A2%3A%7Bi%3A0%3Bs%3A9%3A%22_identity%22%3Bi%3A1%3Bs%3A46%3A%22%5B1%2C%22UrnYQjQuucXG3cyMeUBCqCiz4i40R5kM%22%2C2592000%5D%22%3B%7D'
    'HTTP_ACCEPT_LANGUAGE' => 'en-US,en;q=0.9'
    'HTTP_ACCEPT_ENCODING' => 'gzip, deflate'
    'HTTP_REFERER' => 'http://shop.dev/'
    'HTTP_ACCEPT' => 'text/html,application/xhtml+xml,application/xml;q=0.9,image/webp,image/apng,*/*;q=0.8'
    'HTTP_USER_AGENT' => 'Mozilla/5.0 (X11; Linux x86_64) AppleWebKit/537.36 (KHTML, like Gecko) Chrome/62.0.3202.97 Safari/537.36 Vivaldi/1.94.1008.34'
    'HTTP_UPGRADE_INSECURE_REQUESTS' => '1'
    'HTTP_CONNECTION' => 'keep-alive'
    'HTTP_HOST' => 'shop.dev'
    'REDIRECT_STATUS' => '200'
    'SERVER_NAME' => 'shop.dev'
    'SERVER_PORT' => '80'
    'SERVER_ADDR' => '127.0.0.1'
    'REMOTE_PORT' => '32996'
    'REMOTE_ADDR' => '127.0.0.1'
    'SERVER_SOFTWARE' => 'nginx/1.13.12'
    'GATEWAY_INTERFACE' => 'CGI/1.1'
    'REQUEST_SCHEME' => 'http'
    'SERVER_PROTOCOL' => 'HTTP/1.1'
    'DOCUMENT_ROOT' => '/var/www/yiirecepts/frontend/web'
    'DOCUMENT_URI' => '/index.php'
    'REQUEST_URI' => '/pcategory/index'
    'SCRIPT_NAME' => '/index.php'
    'CONTENT_LENGTH' => ''
    'CONTENT_TYPE' => ''
    'REQUEST_METHOD' => 'GET'
    'QUERY_STRING' => ''
    'SCRIPT_FILENAME' => '/var/www/yiirecepts/frontend/web/index.php'
    'PATH_INFO' => ''
    'FCGI_ROLE' => 'RESPONDER'
    'PHP_SELF' => '/index.php'
    'REQUEST_TIME_FLOAT' => 1553842701.0012
    'REQUEST_TIME' => 1553842701
]
